This file contains any messages produced by compilers while
running configure, to aid debugging if configure makes a mistake.

It was created by opensn0w configure 2.0.0, which was
generated by GNU Autoconf 2.63.  Invocation command line was

  $ ./configure --prefix=/Users/DaytonHasty/opensn0w

## --------- ##
## Platform. ##
## --------- ##

hostname = MacBook-Pro.local
uname -m = x86_64
uname -r = 14.0.0
uname -s = Darwin
uname -v = Darwin Kernel Version 14.0.0: Tue Jul 29 16:22:25 PDT 2014; root:xnu-2782.1.62~4/RELEASE_X86_64

/usr/bin/uname -p = i386
/bin/uname -X     = unknown

/bin/arch              = unknown
/usr/bin/arch -k       = unknown
/usr/convex/getsysinfo = unknown
/usr/bin/hostinfo      = Mach kernel version:
	 Darwin Kernel Version 14.0.0: Tue Jul 29 16:22:25 PDT 2014; root:xnu-2782.1.62~4/RELEASE_X86_64
Kernel configured for up to 4 processors.
2 processors are physically available.
4 processors are logically available.
Processor type: i486 (Intel 80486)
Processors active: 0 1 2 3
Primary memory available: 8.00 gigabytes
Default processor set: 244 tasks, 1073 threads, 4 processors
Load average: 1.62, Mach factor: 2.37
/bin/machine           = unknown
/usr/bin/oslevel       = unknown
/bin/universe          = unknown

PATH: /opt/iOSOpenDev/bin
PATH: /Library/Frameworks/Python.framework/Versions/3.4/bin
PATH: /Library/Frameworks/Python.framework/Versions/3.4/bin
PATH: /sw/bin
PATH: /sw/sbin
PATH: /Library/Frameworks/Python.framework/Versions/3.4/bin
PATH: /usr/local/bin
PATH: /usr/bin
PATH: /bin
PATH: /usr/sbin
PATH: /sbin
PATH: /opt/X11/bin


## ----------- ##
## Core tests. ##
## ----------- ##

configure:1960: checking for gcc
configure:1976: found /usr/bin/gcc
configure:1987: result: gcc
configure:2219: checking for C compiler version
configure:2227: gcc --version >&5
Configured with: --prefix=/Applications/Xcode6-Beta5.app/Contents/Developer/usr --with-gxx-include-dir=/usr/include/c++/4.2.1
Apple LLVM version 6.0 (clang-600.0.45.3) (based on LLVM 3.5svn)
Target: x86_64-apple-darwin14.0.0
Thread model: posix
configure:2231: $? = 0
configure:2238: gcc -v >&5
Configured with: --prefix=/Applications/Xcode6-Beta5.app/Contents/Developer/usr --with-gxx-include-dir=/usr/include/c++/4.2.1
Apple LLVM version 6.0 (clang-600.0.45.3) (based on LLVM 3.5svn)
Target: x86_64-apple-darwin14.0.0
Thread model: posix
configure:2242: $? = 0
configure:2249: gcc -V >&5
clang: error: argument to '-V' is missing (expected 1 value)
clang: error: no input files
configure:2253: $? = 1
configure:2276: checking for C compiler default output file name
configure:2298: gcc    conftest.c  >&5
configure:2302: $? = 0
configure:2340: result: a.out
configure:2359: checking whether the C compiler works
configure:2369: ./a.out
configure:2373: $? = 0
configure:2392: result: yes
configure:2399: checking whether we are cross compiling
configure:2401: result: no
configure:2404: checking for suffix of executables
configure:2411: gcc -o conftest    conftest.c  >&5
configure:2415: $? = 0
configure:2441: result: 
configure:2447: checking for suffix of object files
configure:2473: gcc -c   conftest.c >&5
configure:2477: $? = 0
configure:2502: result: o
configure:2506: checking whether we are using the GNU C compiler
configure:2535: gcc -c   conftest.c >&5
configure:2542: $? = 0
configure:2559: result: yes
configure:2568: checking whether gcc accepts -g
configure:2598: gcc -c -g  conftest.c >&5
configure:2605: $? = 0
configure:2706: result: yes
configure:2723: checking for gcc option to accept ISO C89
configure:2797: gcc  -c -g -O2  conftest.c >&5
configure:2804: $? = 0
configure:2827: result: none needed
configure:2851: checking how to run the C preprocessor
configure:2891: gcc -E  conftest.c
configure:2898: $? = 0
configure:2929: gcc -E  conftest.c
conftest.c:8:10: fatal error: 'ac_nonexistent.h' file not found
#include <ac_nonexistent.h>
         ^
1 error generated.
configure:2936: $? = 1
configure: failed program was:
| /* confdefs.h.  */
| #define PACKAGE_NAME "opensn0w"
| #define PACKAGE_TARNAME "opensn0w"
| #define PACKAGE_VERSION "2.0.0"
| #define PACKAGE_STRING "opensn0w 2.0.0"
| #define PACKAGE_BUGREPORT "support@beige-box.com"
| /* end confdefs.h.  */
| #include <ac_nonexistent.h>
configure:2969: result: gcc -E
configure:2998: gcc -E  conftest.c
configure:3005: $? = 0
configure:3036: gcc -E  conftest.c
conftest.c:8:10: fatal error: 'ac_nonexistent.h' file not found
#include <ac_nonexistent.h>
         ^
1 error generated.
configure:3043: $? = 1
configure: failed program was:
| /* confdefs.h.  */
| #define PACKAGE_NAME "opensn0w"
| #define PACKAGE_TARNAME "opensn0w"
| #define PACKAGE_VERSION "2.0.0"
| #define PACKAGE_STRING "opensn0w 2.0.0"
| #define PACKAGE_BUGREPORT "support@beige-box.com"
| /* end confdefs.h.  */
| #include <ac_nonexistent.h>
configure:3083: checking for grep that handles long lines and -e
configure:3143: result: /usr/bin/grep
configure:3148: checking for egrep
configure:3212: result: /usr/bin/grep -E
configure:3217: checking for ANSI C header files
configure:3247: gcc -c -g -O2  conftest.c >&5
configure:3254: $? = 0
configure:3353: gcc -o conftest -g -O2   conftest.c  >&5
configure:3357: $? = 0
configure:3363: ./conftest
configure:3367: $? = 0
configure:3385: result: yes
configure:3409: checking for sys/types.h
configure:3430: gcc -c -g -O2  conftest.c >&5
configure:3437: $? = 0
configure:3454: result: yes
configure:3409: checking for sys/stat.h
configure:3430: gcc -c -g -O2  conftest.c >&5
configure:3437: $? = 0
configure:3454: result: yes
configure:3409: checking for stdlib.h
configure:3430: gcc -c -g -O2  conftest.c >&5
configure:3437: $? = 0
configure:3454: result: yes
configure:3409: checking for string.h
configure:3430: gcc -c -g -O2  conftest.c >&5
configure:3437: $? = 0
configure:3454: result: yes
configure:3409: checking for memory.h
configure:3430: gcc -c -g -O2  conftest.c >&5
configure:3437: $? = 0
configure:3454: result: yes
configure:3409: checking for strings.h
configure:3430: gcc -c -g -O2  conftest.c >&5
configure:3437: $? = 0
configure:3454: result: yes
configure:3409: checking for inttypes.h
configure:3430: gcc -c -g -O2  conftest.c >&5
configure:3437: $? = 0
configure:3454: result: yes
configure:3409: checking for stdint.h
configure:3430: gcc -c -g -O2  conftest.c >&5
configure:3437: $? = 0
configure:3454: result: yes
configure:3409: checking for unistd.h
configure:3430: gcc -c -g -O2  conftest.c >&5
configure:3437: $? = 0
configure:3454: result: yes
configure:3479: checking minix/config.h usability
configure:3496: gcc -c -g -O2  conftest.c >&5
conftest.c:51:10: fatal error: 'minix/config.h' file not found
#include <minix/config.h>
         ^
1 error generated.
configure:3503: $? = 1
configure: failed program was:
| /* confdefs.h.  */
| #define PACKAGE_NAME "opensn0w"
| #define PACKAGE_TARNAME "opensn0w"
| #define PACKAGE_VERSION "2.0.0"
| #define PACKAGE_STRING "opensn0w 2.0.0"
| #define PACKAGE_BUGREPORT "support@beige-box.com"
| #define STDC_HEADERS 1
| #define HAVE_SYS_TYPES_H 1
| #define HAVE_SYS_STAT_H 1
| #define HAVE_STDLIB_H 1
| #define HAVE_STRING_H 1
| #define HAVE_MEMORY_H 1
| #define HAVE_STRINGS_H 1
| #define HAVE_INTTYPES_H 1
| #define HAVE_STDINT_H 1
| #define HAVE_UNISTD_H 1
| /* end confdefs.h.  */
| #include <stdio.h>
| #ifdef HAVE_SYS_TYPES_H
| # include <sys/types.h>
| #endif
| #ifdef HAVE_SYS_STAT_H
| # include <sys/stat.h>
| #endif
| #ifdef STDC_HEADERS
| # include <stdlib.h>
| # include <stddef.h>
| #else
| # ifdef HAVE_STDLIB_H
| #  include <stdlib.h>
| # endif
| #endif
| #ifdef HAVE_STRING_H
| # if !defined STDC_HEADERS && defined HAVE_MEMORY_H
| #  include <memory.h>
| # endif
| # include <string.h>
| #endif
| #ifdef HAVE_STRINGS_H
| # include <strings.h>
| #endif
| #ifdef HAVE_INTTYPES_H
| # include <inttypes.h>
| #endif
| #ifdef HAVE_STDINT_H
| # include <stdint.h>
| #endif
| #ifdef HAVE_UNISTD_H
| # include <unistd.h>
| #endif
| #include <minix/config.h>
configure:3517: result: no
configure:3521: checking minix/config.h presence
configure:3536: gcc -E  conftest.c
conftest.c:18:10: fatal error: 'minix/config.h' file not found
#include <minix/config.h>
         ^
1 error generated.
configure:3543: $? = 1
configure: failed program was:
| /* confdefs.h.  */
| #define PACKAGE_NAME "opensn0w"
| #define PACKAGE_TARNAME "opensn0w"
| #define PACKAGE_VERSION "2.0.0"
| #define PACKAGE_STRING "opensn0w 2.0.0"
| #define PACKAGE_BUGREPORT "support@beige-box.com"
| #define STDC_HEADERS 1
| #define HAVE_SYS_TYPES_H 1
| #define HAVE_SYS_STAT_H 1
| #define HAVE_STDLIB_H 1
| #define HAVE_STRING_H 1
| #define HAVE_MEMORY_H 1
| #define HAVE_STRINGS_H 1
| #define HAVE_INTTYPES_H 1
| #define HAVE_STDINT_H 1
| #define HAVE_UNISTD_H 1
| /* end confdefs.h.  */
| #include <minix/config.h>
configure:3557: result: no
configure:3590: checking for minix/config.h
configure:3597: result: no
configure:3628: checking whether it is safe to define __EXTENSIONS__
configure:3656: gcc -c -g -O2  conftest.c >&5
configure:3663: $? = 0
configure:3678: result: yes
configure:3709: checking for special C compiler options needed for large files
configure:3804: result: no
configure:3810: checking for _FILE_OFFSET_BITS value needed for large files
configure:3845: gcc -c -g -O2  conftest.c >&5
configure:3852: $? = 0
configure:3921: result: no
configure:4097: checking build system type
configure:4115: result: i686-apple-darwin14.0.0
configure:4137: checking host system type
configure:4152: result: i686-apple-darwin14.0.0
configure:4174: checking target system type
configure:4189: result: i686-apple-darwin14.0.0
configure:4223: checking build system type
configure:4241: result: i686-apple-darwin14.0.0
configure:4295: checking for library containing strerror
configure:4336: gcc -o conftest -g -O2   conftest.c  /Users/DaytonHasty/Github/opensn0w//prebuilt/libusb-1.0.a -framework IOKit -framework CoreFoundation >&5
conftest.c:33:6: warning: incompatible redeclaration of library function 'strerror' [-Wincompatible-library-redeclaration]
char strerror ();
     ^
conftest.c:33:6: note: 'strerror' is a builtin with type 'char *(int)'
1 warning generated.
configure:4343: $? = 0
configure:4374: result: none required
configure:4430: checking for gcc
configure:4457: result: gcc
configure:4689: checking for C compiler version
configure:4697: gcc --version >&5
Configured with: --prefix=/Applications/Xcode6-Beta5.app/Contents/Developer/usr --with-gxx-include-dir=/usr/include/c++/4.2.1
Apple LLVM version 6.0 (clang-600.0.45.3) (based on LLVM 3.5svn)
Target: x86_64-apple-darwin14.0.0
Thread model: posix
configure:4701: $? = 0
configure:4708: gcc -v >&5
Configured with: --prefix=/Applications/Xcode6-Beta5.app/Contents/Developer/usr --with-gxx-include-dir=/usr/include/c++/4.2.1
Apple LLVM version 6.0 (clang-600.0.45.3) (based on LLVM 3.5svn)
Target: x86_64-apple-darwin14.0.0
Thread model: posix
configure:4712: $? = 0
configure:4719: gcc -V >&5
clang: error: argument to '-V' is missing (expected 1 value)
clang: error: no input files
configure:4723: $? = 1
configure:4726: checking whether we are using the GNU C compiler
configure:4779: result: yes
configure:4788: checking whether gcc accepts -g
configure:4926: result: yes
configure:4943: checking for gcc option to accept ISO C89
configure:5047: result: none needed
configure:5065: checking whether ln -s works
configure:5069: result: yes
configure:5090: checking for a BSD-compatible install
configure:5158: result: /usr/bin/install -c
configure:5172: checking for rm
configure:5190: found /bin/rm
configure:5202: result: /bin/rm
configure:5212: checking for mv
configure:5230: found /bin/mv
configure:5242: result: /bin/mv
configure:5252: checking for cp
configure:5270: found /bin/cp
configure:5282: result: /bin/cp
configure:5292: checking for ln
configure:5310: found /bin/ln
configure:5322: result: /bin/ln
configure:5332: checking for tar
configure:5350: found /sw/bin/tar
configure:5362: result: /sw/bin/tar
configure:5372: checking for ar
configure:5390: found /usr/bin/ar
configure:5402: result: /usr/bin/ar
configure:5412: checking for ranlib
configure:5430: found /usr/bin/ranlib
configure:5442: result: /usr/bin/ranlib
configure:5452: checking for xargs
configure:5470: found /usr/bin/xargs
configure:5482: result: /usr/bin/xargs
configure:5492: checking for find
configure:5510: found /usr/bin/find
configure:5522: result: /usr/bin/find
configure:5532: checking for uname
configure:5550: found /usr/bin/uname
configure:5562: result: /usr/bin/uname
configure:5570: checking for inline
configure:5596: gcc -c -g -O2  conftest.c >&5
configure:5603: $? = 0
configure:5621: result: inline
configure:5641: checking whether byte ordering is bigendian
configure:5666: gcc -c -g -O2  conftest.c >&5
configure:5673: $? = 0
configure:5723: gcc -c -g -O2  conftest.c >&5
configure:5730: $? = 0
configure:5762: gcc -c -g -O2  conftest.c >&5
conftest.c:33:4: error: use of undeclared identifier 'not'
                 not big endian
                 ^
1 error generated.
configure:5769: $? = 1
configure: failed program was:
| /* confdefs.h.  */
| #define PACKAGE_NAME "opensn0w"
| #define PACKAGE_TARNAME "opensn0w"
| #define PACKAGE_VERSION "2.0.0"
| #define PACKAGE_STRING "opensn0w 2.0.0"
| #define PACKAGE_BUGREPORT "support@beige-box.com"
| #define STDC_HEADERS 1
| #define HAVE_SYS_TYPES_H 1
| #define HAVE_SYS_STAT_H 1
| #define HAVE_STDLIB_H 1
| #define HAVE_STRING_H 1
| #define HAVE_MEMORY_H 1
| #define HAVE_STRINGS_H 1
| #define HAVE_INTTYPES_H 1
| #define HAVE_STDINT_H 1
| #define HAVE_UNISTD_H 1
| #define __EXTENSIONS__ 1
| #define _ALL_SOURCE 1
| #define _GNU_SOURCE 1
| #define _POSIX_PTHREAD_SEMANTICS 1
| #define _TANDEM_SOURCE 1
| #define PACKAGE "opensn0w"
| #define VERSION "2.0.0"
| #define DARWIN 1
| /* end confdefs.h.  */
| #include <sys/types.h>
| 		#include <sys/param.h>
| 
| int
| main ()
| {
| #if BYTE_ORDER != BIG_ENDIAN
| 		 not big endian
| 		#endif
| 
|   ;
|   return 0;
| }
configure:6021: result: no
configure:6046: checking whether make sets $(MAKE)
configure:6068: result: yes
configure:6078: checking how to generate dependency info
configure:6091: result: assuming gcc -MM
configure:6102: checking for link.h
configure:6120: gcc -E  conftest.c
conftest.c:26:10: fatal error: 'link.h' file not found
#include <link.h>
         ^
1 error generated.
configure:6127: $? = 1
configure: failed program was:
| /* confdefs.h.  */
| #define PACKAGE_NAME "opensn0w"
| #define PACKAGE_TARNAME "opensn0w"
| #define PACKAGE_VERSION "2.0.0"
| #define PACKAGE_STRING "opensn0w 2.0.0"
| #define PACKAGE_BUGREPORT "support@beige-box.com"
| #define STDC_HEADERS 1
| #define HAVE_SYS_TYPES_H 1
| #define HAVE_SYS_STAT_H 1
| #define HAVE_STDLIB_H 1
| #define HAVE_STRING_H 1
| #define HAVE_MEMORY_H 1
| #define HAVE_STRINGS_H 1
| #define HAVE_INTTYPES_H 1
| #define HAVE_STDINT_H 1
| #define HAVE_UNISTD_H 1
| #define __EXTENSIONS__ 1
| #define _ALL_SOURCE 1
| #define _GNU_SOURCE 1
| #define _POSIX_PTHREAD_SEMANTICS 1
| #define _TANDEM_SOURCE 1
| #define PACKAGE "opensn0w"
| #define VERSION "2.0.0"
| #define DARWIN 1
| /* end confdefs.h.  */
| #include <link.h>
configure:6144: result: no
configure:6173: checking dlfcn.h usability
configure:6190: gcc -c -g -O2  conftest.c >&5
configure:6197: $? = 0
configure:6211: result: yes
configure:6215: checking dlfcn.h presence
configure:6230: gcc -E  conftest.c
configure:6237: $? = 0
configure:6251: result: yes
configure:6284: checking for dlfcn.h
configure:6293: result: yes
configure:6312: checking for tput
configure:6330: found /sw/bin/tput
configure:6342: result: /sw/bin/tput
configure:6394: checking for shared library system
configure:6398: result: Darwin
configure:6500: checking whether we need an implib
configure:6510: result: no
configure:6526: checking for strftime
configure:6582: gcc -o conftest -g -O2   conftest.c  /Users/DaytonHasty/Github/opensn0w//prebuilt/libusb-1.0.a -framework IOKit -framework CoreFoundation  >&5
configure:6589: $? = 0
configure:6611: result: yes
configure:6712: checking for strdup
configure:6768: gcc -o conftest -g -O2   conftest.c  /Users/DaytonHasty/Github/opensn0w//prebuilt/libusb-1.0.a -framework IOKit -framework CoreFoundation  >&5
conftest.c:51:6: warning: incompatible redeclaration of library function 'strdup' [-Wincompatible-library-redeclaration]
char strdup ();
     ^
conftest.c:51:6: note: 'strdup' is a builtin with type 'char *(const char *)'
1 warning generated.
configure:6775: $? = 0
configure:6797: result: yes
configure:6712: checking for inet_pton
configure:6768: gcc -o conftest -g -O2   conftest.c  /Users/DaytonHasty/Github/opensn0w//prebuilt/libusb-1.0.a -framework IOKit -framework CoreFoundation  >&5
configure:6775: $? = 0
configure:6797: result: yes
configure:6712: checking for inet_ntop
configure:6768: gcc -o conftest -g -O2   conftest.c  /Users/DaytonHasty/Github/opensn0w//prebuilt/libusb-1.0.a -framework IOKit -framework CoreFoundation  >&5
configure:6775: $? = 0
configure:6797: result: yes
configure:6712: checking for gettimeofday
configure:6768: gcc -o conftest -g -O2   conftest.c  /Users/DaytonHasty/Github/opensn0w//prebuilt/libusb-1.0.a -framework IOKit -framework CoreFoundation  >&5
configure:6775: $? = 0
configure:6797: result: yes
configure:6712: checking for umask
configure:6768: gcc -o conftest -g -O2   conftest.c  /Users/DaytonHasty/Github/opensn0w//prebuilt/libusb-1.0.a -framework IOKit -framework CoreFoundation  >&5
configure:6775: $? = 0
configure:6797: result: yes
configure:6712: checking for mmap
configure:6768: gcc -o conftest -g -O2   conftest.c  /Users/DaytonHasty/Github/opensn0w//prebuilt/libusb-1.0.a -framework IOKit -framework CoreFoundation  >&5
configure:6775: $? = 0
configure:6797: result: yes
configure:6712: checking for arc4random
configure:6768: gcc -o conftest -g -O2   conftest.c  /Users/DaytonHasty/Github/opensn0w//prebuilt/libusb-1.0.a -framework IOKit -framework CoreFoundation  >&5
configure:6775: $? = 0
configure:6797: result: yes
configure:6712: checking for getrlimit
configure:6768: gcc -o conftest -g -O2   conftest.c  /Users/DaytonHasty/Github/opensn0w//prebuilt/libusb-1.0.a -framework IOKit -framework CoreFoundation  >&5
configure:6775: $? = 0
configure:6797: result: yes
configure:6712: checking for fork
configure:6768: gcc -o conftest -g -O2   conftest.c  /Users/DaytonHasty/Github/opensn0w//prebuilt/libusb-1.0.a -framework IOKit -framework CoreFoundation  >&5
configure:6775: $? = 0
configure:6797: result: yes
configure:6712: checking for getpid
configure:6768: gcc -o conftest -g -O2   conftest.c  /Users/DaytonHasty/Github/opensn0w//prebuilt/libusb-1.0.a -framework IOKit -framework CoreFoundation  >&5
configure:6775: $? = 0
configure:6797: result: yes
configure:6712: checking for execve
configure:6768: gcc -o conftest -g -O2   conftest.c  /Users/DaytonHasty/Github/opensn0w//prebuilt/libusb-1.0.a -framework IOKit -framework CoreFoundation  >&5
configure:6775: $? = 0
configure:6797: result: yes
configure:6809: checking for socket
configure:6865: gcc -o conftest -g -O2   conftest.c  /Users/DaytonHasty/Github/opensn0w//prebuilt/libusb-1.0.a -framework IOKit -framework CoreFoundation  >&5
configure:6872: $? = 0
configure:6892: result: yes
configure:6974: checking for gethostbyname
configure:7030: gcc -o conftest -g -O2   conftest.c  /Users/DaytonHasty/Github/opensn0w//prebuilt/libusb-1.0.a -framework IOKit -framework CoreFoundation  >&5
configure:7037: $? = 0
configure:7057: result: yes
configure:7139: checking for inflate
configure:7195: gcc -o conftest -g -O2   conftest.c  /Users/DaytonHasty/Github/opensn0w//prebuilt/libusb-1.0.a -framework IOKit -framework CoreFoundation  >&5
Undefined symbols for architecture x86_64:
  "_inflate", referenced from:
      _main in conftest-0b4f6f.o
ld: symbol(s) not found for architecture x86_64
clang: error: linker command failed with exit code 1 (use -v to see invocation)
configure:7202: $? = 1
configure: failed program was:
| /* confdefs.h.  */
| #define PACKAGE_NAME "opensn0w"
| #define PACKAGE_TARNAME "opensn0w"
| #define PACKAGE_VERSION "2.0.0"
| #define PACKAGE_STRING "opensn0w 2.0.0"
| #define PACKAGE_BUGREPORT "support@beige-box.com"
| #define STDC_HEADERS 1
| #define HAVE_SYS_TYPES_H 1
| #define HAVE_SYS_STAT_H 1
| #define HAVE_STDLIB_H 1
| #define HAVE_STRING_H 1
| #define HAVE_MEMORY_H 1
| #define HAVE_STRINGS_H 1
| #define HAVE_INTTYPES_H 1
| #define HAVE_STDINT_H 1
| #define HAVE_UNISTD_H 1
| #define __EXTENSIONS__ 1
| #define _ALL_SOURCE 1
| #define _GNU_SOURCE 1
| #define _POSIX_PTHREAD_SEMANTICS 1
| #define _TANDEM_SOURCE 1
| #define PACKAGE "opensn0w"
| #define VERSION "2.0.0"
| #define DARWIN 1
| #define HAVE_DLFCN_H 1
| #define HAVE_STRFTIME 1
| #define HAVE_STRDUP 1
| #define HAVE_INET_PTON 1
| #define HAVE_INET_NTOP 1
| #define HAVE_GETTIMEOFDAY 1
| #define HAVE_UMASK 1
| #define HAVE_MMAP 1
| #define HAVE_ARC4RANDOM 1
| #define HAVE_GETRLIMIT 1
| #define HAVE_FORK 1
| #define HAVE_GETPID 1
| #define HAVE_EXECVE 1
| /* end confdefs.h.  */
| /* Define inflate to an innocuous variant, in case <limits.h> declares inflate.
|    For example, HP-UX 11i <limits.h> declares gettimeofday.  */
| #define inflate innocuous_inflate
| 
| /* System header to define __stub macros and hopefully few prototypes,
|     which can conflict with char inflate (); below.
|     Prefer <limits.h> to <assert.h> if __STDC__ is defined, since
|     <limits.h> exists even on freestanding compilers.  */
| 
| #ifdef __STDC__
| # include <limits.h>
| #else
| # include <assert.h>
| #endif
| 
| #undef inflate
| 
| /* Override any GCC internal prototype to avoid an error.
|    Use char because int might match the return type of a GCC
|    builtin and then its argument prototype would still apply.  */
| #ifdef __cplusplus
| extern "C"
| #endif
| char inflate ();
| /* The GNU C library defines this for functions which it implements
|     to always fail with ENOSYS.  Some functions are actually named
|     something starting with __ and the normal name is an alias.  */
| #if defined __stub_inflate || defined __stub___inflate
| choke me
| #endif
| 
| int
| main ()
| {
| return inflate ();
|   ;
|   return 0;
| }
configure:7222: result: no
configure:7228: checking for inflate in -lz
configure:7263: gcc -o conftest -g -O2   conftest.c -lz   /Users/DaytonHasty/Github/opensn0w//prebuilt/libusb-1.0.a -framework IOKit -framework CoreFoundation  >&5
configure:7270: $? = 0
configure:7291: result: yes
configure:7305: checking for dlsym in -ldl
configure:7340: gcc -o conftest -g -O2   conftest.c -ldl  -lz  /Users/DaytonHasty/Github/opensn0w//prebuilt/libusb-1.0.a -framework IOKit -framework CoreFoundation  >&5
configure:7347: $? = 0
configure:7368: result: yes
configure:7380: checking for dlsym in -lelf
configure:7415: gcc -o conftest -g -O2   conftest.c -lelf  -ldl -lz  /Users/DaytonHasty/Github/opensn0w//prebuilt/libusb-1.0.a -framework IOKit -framework CoreFoundation  >&5
ld: library not found for -lelf
clang: error: linker command failed with exit code 1 (use -v to see invocation)
configure:7422: $? = 1
configure: failed program was:
| /* confdefs.h.  */
| #define PACKAGE_NAME "opensn0w"
| #define PACKAGE_TARNAME "opensn0w"
| #define PACKAGE_VERSION "2.0.0"
| #define PACKAGE_STRING "opensn0w 2.0.0"
| #define PACKAGE_BUGREPORT "support@beige-box.com"
| #define STDC_HEADERS 1
| #define HAVE_SYS_TYPES_H 1
| #define HAVE_SYS_STAT_H 1
| #define HAVE_STDLIB_H 1
| #define HAVE_STRING_H 1
| #define HAVE_MEMORY_H 1
| #define HAVE_STRINGS_H 1
| #define HAVE_INTTYPES_H 1
| #define HAVE_STDINT_H 1
| #define HAVE_UNISTD_H 1
| #define __EXTENSIONS__ 1
| #define _ALL_SOURCE 1
| #define _GNU_SOURCE 1
| #define _POSIX_PTHREAD_SEMANTICS 1
| #define _TANDEM_SOURCE 1
| #define PACKAGE "opensn0w"
| #define VERSION "2.0.0"
| #define DARWIN 1
| #define HAVE_DLFCN_H 1
| #define HAVE_STRFTIME 1
| #define HAVE_STRDUP 1
| #define HAVE_INET_PTON 1
| #define HAVE_INET_NTOP 1
| #define HAVE_GETTIMEOFDAY 1
| #define HAVE_UMASK 1
| #define HAVE_MMAP 1
| #define HAVE_ARC4RANDOM 1
| #define HAVE_GETRLIMIT 1
| #define HAVE_FORK 1
| #define HAVE_GETPID 1
| #define HAVE_EXECVE 1
| #define HAVE_LIBZ 1
| #define HAVE_LIBDL 1
| /* end confdefs.h.  */
| 
| /* Override any GCC internal prototype to avoid an error.
|    Use char because int might match the return type of a GCC
|    builtin and then its argument prototype would still apply.  */
| #ifdef __cplusplus
| extern "C"
| #endif
| char dlsym ();
| int
| main ()
| {
| return dlsym ();
|   ;
|   return 0;
| }
configure:7443: result: no
configure:7455: checking for pthread_join in -lpthread
configure:7490: gcc -o conftest -g -O2   conftest.c -lpthread  -ldl -lz  /Users/DaytonHasty/Github/opensn0w//prebuilt/libusb-1.0.a -framework IOKit -framework CoreFoundation  >&5
configure:7497: $? = 0
configure:7518: result: yes
configure:7530: checking for libusb_init in -lusb-1.0
configure:7565: gcc -o conftest -g -O2   conftest.c -lusb-1.0  -lpthread -ldl -lz  /Users/DaytonHasty/Github/opensn0w//prebuilt/libusb-1.0.a -framework IOKit -framework CoreFoundation  >&5
configure:7572: $? = 0
configure:7593: result: yes
configure:7605: checking for readline in -lreadline
configure:7640: gcc -o conftest -g -O2   conftest.c -lreadline  -lusb-1.0 -lpthread -ldl -lz  /Users/DaytonHasty/Github/opensn0w//prebuilt/libusb-1.0.a -framework IOKit -framework CoreFoundation  >&5
configure:7647: $? = 0
configure:7668: result: yes
configure:7680: checking for curl_free in -lcurl
configure:7715: gcc -o conftest -g -O2   conftest.c -lcurl  -lreadline -lusb-1.0 -lpthread -ldl -lz  /Users/DaytonHasty/Github/opensn0w//prebuilt/libusb-1.0.a -framework IOKit -framework CoreFoundation  >&5
configure:7722: $? = 0
configure:7743: result: yes
configure:7755: checking for curl_free in -lcurldll
configure:7790: gcc -o conftest -g -O2   conftest.c -lcurldll  -lcurl -lreadline -lusb-1.0 -lpthread -ldl -lz  /Users/DaytonHasty/Github/opensn0w//prebuilt/libusb-1.0.a -framework IOKit -framework CoreFoundation  >&5
ld: library not found for -lcurldll
clang: error: linker command failed with exit code 1 (use -v to see invocation)
configure:7797: $? = 1
configure: failed program was:
| /* confdefs.h.  */
| #define PACKAGE_NAME "opensn0w"
| #define PACKAGE_TARNAME "opensn0w"
| #define PACKAGE_VERSION "2.0.0"
| #define PACKAGE_STRING "opensn0w 2.0.0"
| #define PACKAGE_BUGREPORT "support@beige-box.com"
| #define STDC_HEADERS 1
| #define HAVE_SYS_TYPES_H 1
| #define HAVE_SYS_STAT_H 1
| #define HAVE_STDLIB_H 1
| #define HAVE_STRING_H 1
| #define HAVE_MEMORY_H 1
| #define HAVE_STRINGS_H 1
| #define HAVE_INTTYPES_H 1
| #define HAVE_STDINT_H 1
| #define HAVE_UNISTD_H 1
| #define __EXTENSIONS__ 1
| #define _ALL_SOURCE 1
| #define _GNU_SOURCE 1
| #define _POSIX_PTHREAD_SEMANTICS 1
| #define _TANDEM_SOURCE 1
| #define PACKAGE "opensn0w"
| #define VERSION "2.0.0"
| #define DARWIN 1
| #define HAVE_DLFCN_H 1
| #define HAVE_STRFTIME 1
| #define HAVE_STRDUP 1
| #define HAVE_INET_PTON 1
| #define HAVE_INET_NTOP 1
| #define HAVE_GETTIMEOFDAY 1
| #define HAVE_UMASK 1
| #define HAVE_MMAP 1
| #define HAVE_ARC4RANDOM 1
| #define HAVE_GETRLIMIT 1
| #define HAVE_FORK 1
| #define HAVE_GETPID 1
| #define HAVE_EXECVE 1
| #define HAVE_LIBZ 1
| #define HAVE_LIBDL 1
| #define HAVE_LIBPTHREAD 1
| #define HAVE_LIBUSB_1_0 1
| #define HAVE_LIBREADLINE 1
| #define HAVE_LIBCURL 1
| /* end confdefs.h.  */
| 
| /* Override any GCC internal prototype to avoid an error.
|    Use char because int might match the return type of a GCC
|    builtin and then its argument prototype would still apply.  */
| #ifdef __cplusplus
| extern "C"
| #endif
| char curl_free ();
| int
| main ()
| {
| return curl_free ();
|   ;
|   return 0;
| }
configure:7818: result: no
configure:7830: checking for SHA1_Init in -lcrypto
configure:7865: gcc -o conftest -g -O2   conftest.c -lcrypto  -lcurl -lreadline -lusb-1.0 -lpthread -ldl -lz  /Users/DaytonHasty/Github/opensn0w//prebuilt/libusb-1.0.a -framework IOKit -framework CoreFoundation  >&5
configure:7872: $? = 0
configure:7893: result: yes
configure:7905: checking for SHA1_Init in -lssl
configure:7940: gcc -o conftest -g -O2   conftest.c -lssl  -lcrypto -lcurl -lreadline -lusb-1.0 -lpthread -ldl -lz  /Users/DaytonHasty/Github/opensn0w//prebuilt/libusb-1.0.a -framework IOKit -framework CoreFoundation  >&5
configure:7947: $? = 0
configure:7968: result: yes
configure:7981: checking for stdbool.h that conforms to C99
configure:8076: gcc -c -g -O2  conftest.c >&5
configure:8083: $? = 0
configure:8098: result: yes
configure:8100: checking for _Bool
configure:8128: gcc -c -g -O2  conftest.c >&5
configure:8135: $? = 0
configure:8162: gcc -c -g -O2  conftest.c >&5
conftest.c:83:20: error: expected expression
if (sizeof ((_Bool)))
                   ^
1 error generated.
configure:8169: $? = 1
configure: failed program was:
| /* confdefs.h.  */
| #define PACKAGE_NAME "opensn0w"
| #define PACKAGE_TARNAME "opensn0w"
| #define PACKAGE_VERSION "2.0.0"
| #define PACKAGE_STRING "opensn0w 2.0.0"
| #define PACKAGE_BUGREPORT "support@beige-box.com"
| #define STDC_HEADERS 1
| #define HAVE_SYS_TYPES_H 1
| #define HAVE_SYS_STAT_H 1
| #define HAVE_STDLIB_H 1
| #define HAVE_STRING_H 1
| #define HAVE_MEMORY_H 1
| #define HAVE_STRINGS_H 1
| #define HAVE_INTTYPES_H 1
| #define HAVE_STDINT_H 1
| #define HAVE_UNISTD_H 1
| #define __EXTENSIONS__ 1
| #define _ALL_SOURCE 1
| #define _GNU_SOURCE 1
| #define _POSIX_PTHREAD_SEMANTICS 1
| #define _TANDEM_SOURCE 1
| #define PACKAGE "opensn0w"
| #define VERSION "2.0.0"
| #define DARWIN 1
| #define HAVE_DLFCN_H 1
| #define HAVE_STRFTIME 1
| #define HAVE_STRDUP 1
| #define HAVE_INET_PTON 1
| #define HAVE_INET_NTOP 1
| #define HAVE_GETTIMEOFDAY 1
| #define HAVE_UMASK 1
| #define HAVE_MMAP 1
| #define HAVE_ARC4RANDOM 1
| #define HAVE_GETRLIMIT 1
| #define HAVE_FORK 1
| #define HAVE_GETPID 1
| #define HAVE_EXECVE 1
| #define HAVE_LIBZ 1
| #define HAVE_LIBDL 1
| #define HAVE_LIBPTHREAD 1
| #define HAVE_LIBUSB_1_0 1
| #define HAVE_LIBREADLINE 1
| #define HAVE_LIBCURL 1
| #define HAVE_LIBCRYPTO 1
| #define HAVE_LIBSSL 1
| /* end confdefs.h.  */
| #include <stdio.h>
| #ifdef HAVE_SYS_TYPES_H
| # include <sys/types.h>
| #endif
| #ifdef HAVE_SYS_STAT_H
| # include <sys/stat.h>
| #endif
| #ifdef STDC_HEADERS
| # include <stdlib.h>
| # include <stddef.h>
| #else
| # ifdef HAVE_STDLIB_H
| #  include <stdlib.h>
| # endif
| #endif
| #ifdef HAVE_STRING_H
| # if !defined STDC_HEADERS && defined HAVE_MEMORY_H
| #  include <memory.h>
| # endif
| # include <string.h>
| #endif
| #ifdef HAVE_STRINGS_H
| # include <strings.h>
| #endif
| #ifdef HAVE_INTTYPES_H
| # include <inttypes.h>
| #endif
| #ifdef HAVE_STDINT_H
| # include <stdint.h>
| #endif
| #ifdef HAVE_UNISTD_H
| # include <unistd.h>
| #endif
| int
| main ()
| {
| if (sizeof ((_Bool)))
| 	  return 0;
|   ;
|   return 0;
| }
configure:8192: result: yes
configure:8211: checking for an ANSI C-conforming const
configure:8286: gcc -c -g -O2  conftest.c >&5
configure:8293: $? = 0
configure:8308: result: yes
configure:8318: checking for uid_t in sys/types.h
configure:8341: result: yes
configure:8356: checking for inline
configure:8407: result: inline
configure:8427: checking whether byte ordering is bigendian
configure:8807: result: no
configure:8833: checking for int16_t
configure:8864: gcc -c -g -O2  conftest.c >&5
configure:8871: $? = 0
configure:8900: gcc -c -g -O2  conftest.c >&5
conftest.c:85:24: error: 'test_array' declared as an array with a negative size
static int test_array [1 - 2 * !((int16_t) ((((int16_t) 1 << (16 - 2)) - 1) * 2 + 1)
                       ^~~~~~~~~~~~~~~~~~~~~~~~~~~~~~~~~~~~~~~~~~~~~~~~~~~~~~~~~~~~~
1 error generated.
configure:8907: $? = 1
configure: failed program was:
| /* confdefs.h.  */
| #define PACKAGE_NAME "opensn0w"
| #define PACKAGE_TARNAME "opensn0w"
| #define PACKAGE_VERSION "2.0.0"
| #define PACKAGE_STRING "opensn0w 2.0.0"
| #define PACKAGE_BUGREPORT "support@beige-box.com"
| #define STDC_HEADERS 1
| #define HAVE_SYS_TYPES_H 1
| #define HAVE_SYS_STAT_H 1
| #define HAVE_STDLIB_H 1
| #define HAVE_STRING_H 1
| #define HAVE_MEMORY_H 1
| #define HAVE_STRINGS_H 1
| #define HAVE_INTTYPES_H 1
| #define HAVE_STDINT_H 1
| #define HAVE_UNISTD_H 1
| #define __EXTENSIONS__ 1
| #define _ALL_SOURCE 1
| #define _GNU_SOURCE 1
| #define _POSIX_PTHREAD_SEMANTICS 1
| #define _TANDEM_SOURCE 1
| #define PACKAGE "opensn0w"
| #define VERSION "2.0.0"
| #define DARWIN 1
| #define HAVE_DLFCN_H 1
| #define HAVE_STRFTIME 1
| #define HAVE_STRDUP 1
| #define HAVE_INET_PTON 1
| #define HAVE_INET_NTOP 1
| #define HAVE_GETTIMEOFDAY 1
| #define HAVE_UMASK 1
| #define HAVE_MMAP 1
| #define HAVE_ARC4RANDOM 1
| #define HAVE_GETRLIMIT 1
| #define HAVE_FORK 1
| #define HAVE_GETPID 1
| #define HAVE_EXECVE 1
| #define HAVE_LIBZ 1
| #define HAVE_LIBDL 1
| #define HAVE_LIBPTHREAD 1
| #define HAVE_LIBUSB_1_0 1
| #define HAVE_LIBREADLINE 1
| #define HAVE_LIBCURL 1
| #define HAVE_LIBCRYPTO 1
| #define HAVE_LIBSSL 1
| #define HAVE__BOOL 1
| #define HAVE_STDBOOL_H 1
| /* end confdefs.h.  */
| #include <stdio.h>
| #ifdef HAVE_SYS_TYPES_H
| # include <sys/types.h>
| #endif
| #ifdef HAVE_SYS_STAT_H
| # include <sys/stat.h>
| #endif
| #ifdef STDC_HEADERS
| # include <stdlib.h>
| # include <stddef.h>
| #else
| # ifdef HAVE_STDLIB_H
| #  include <stdlib.h>
| # endif
| #endif
| #ifdef HAVE_STRING_H
| # if !defined STDC_HEADERS && defined HAVE_MEMORY_H
| #  include <memory.h>
| # endif
| # include <string.h>
| #endif
| #ifdef HAVE_STRINGS_H
| # include <strings.h>
| #endif
| #ifdef HAVE_INTTYPES_H
| # include <inttypes.h>
| #endif
| #ifdef HAVE_STDINT_H
| # include <stdint.h>
| #endif
| #ifdef HAVE_UNISTD_H
| # include <unistd.h>
| #endif
| int
| main ()
| {
| static int test_array [1 - 2 * !((int16_t) ((((int16_t) 1 << (16 - 2)) - 1) * 2 + 1)
| 		 < (int16_t) ((((int16_t) 1 << (16 - 2)) - 1) * 2 + 2))];
| test_array [0] = 0
| 
|   ;
|   return 0;
| }
configure:8936: result: yes
configure:8949: checking for int32_t
configure:8980: gcc -c -g -O2  conftest.c >&5
configure:8987: $? = 0
configure:9016: gcc -c -g -O2  conftest.c >&5
conftest.c:85:24: error: 'test_array' declared as an array with a negative size
static int test_array [1 - 2 * !((int32_t) ((((int32_t) 1 << (32 - 2)) - 1) * 2 + 1)
                       ^~~~~~~~~~~~~~~~~~~~~~~~~~~~~~~~~~~~~~~~~~~~~~~~~~~~~~~~~~~~~
1 error generated.
configure:9023: $? = 1
configure: failed program was:
| /* confdefs.h.  */
| #define PACKAGE_NAME "opensn0w"
| #define PACKAGE_TARNAME "opensn0w"
| #define PACKAGE_VERSION "2.0.0"
| #define PACKAGE_STRING "opensn0w 2.0.0"
| #define PACKAGE_BUGREPORT "support@beige-box.com"
| #define STDC_HEADERS 1
| #define HAVE_SYS_TYPES_H 1
| #define HAVE_SYS_STAT_H 1
| #define HAVE_STDLIB_H 1
| #define HAVE_STRING_H 1
| #define HAVE_MEMORY_H 1
| #define HAVE_STRINGS_H 1
| #define HAVE_INTTYPES_H 1
| #define HAVE_STDINT_H 1
| #define HAVE_UNISTD_H 1
| #define __EXTENSIONS__ 1
| #define _ALL_SOURCE 1
| #define _GNU_SOURCE 1
| #define _POSIX_PTHREAD_SEMANTICS 1
| #define _TANDEM_SOURCE 1
| #define PACKAGE "opensn0w"
| #define VERSION "2.0.0"
| #define DARWIN 1
| #define HAVE_DLFCN_H 1
| #define HAVE_STRFTIME 1
| #define HAVE_STRDUP 1
| #define HAVE_INET_PTON 1
| #define HAVE_INET_NTOP 1
| #define HAVE_GETTIMEOFDAY 1
| #define HAVE_UMASK 1
| #define HAVE_MMAP 1
| #define HAVE_ARC4RANDOM 1
| #define HAVE_GETRLIMIT 1
| #define HAVE_FORK 1
| #define HAVE_GETPID 1
| #define HAVE_EXECVE 1
| #define HAVE_LIBZ 1
| #define HAVE_LIBDL 1
| #define HAVE_LIBPTHREAD 1
| #define HAVE_LIBUSB_1_0 1
| #define HAVE_LIBREADLINE 1
| #define HAVE_LIBCURL 1
| #define HAVE_LIBCRYPTO 1
| #define HAVE_LIBSSL 1
| #define HAVE__BOOL 1
| #define HAVE_STDBOOL_H 1
| /* end confdefs.h.  */
| #include <stdio.h>
| #ifdef HAVE_SYS_TYPES_H
| # include <sys/types.h>
| #endif
| #ifdef HAVE_SYS_STAT_H
| # include <sys/stat.h>
| #endif
| #ifdef STDC_HEADERS
| # include <stdlib.h>
| # include <stddef.h>
| #else
| # ifdef HAVE_STDLIB_H
| #  include <stdlib.h>
| # endif
| #endif
| #ifdef HAVE_STRING_H
| # if !defined STDC_HEADERS && defined HAVE_MEMORY_H
| #  include <memory.h>
| # endif
| # include <string.h>
| #endif
| #ifdef HAVE_STRINGS_H
| # include <strings.h>
| #endif
| #ifdef HAVE_INTTYPES_H
| # include <inttypes.h>
| #endif
| #ifdef HAVE_STDINT_H
| # include <stdint.h>
| #endif
| #ifdef HAVE_UNISTD_H
| # include <unistd.h>
| #endif
| int
| main ()
| {
| static int test_array [1 - 2 * !((int32_t) ((((int32_t) 1 << (32 - 2)) - 1) * 2 + 1)
| 		 < (int32_t) ((((int32_t) 1 << (32 - 2)) - 1) * 2 + 2))];
| test_array [0] = 0
| 
|   ;
|   return 0;
| }
configure:9052: result: yes
configure:9065: checking for int8_t
configure:9096: gcc -c -g -O2  conftest.c >&5
configure:9103: $? = 0
configure:9132: gcc -c -g -O2  conftest.c >&5
conftest.c:85:24: error: 'test_array' declared as an array with a negative size
static int test_array [1 - 2 * !((int8_t) ((((int8_t) 1 << (8 - 2)) - 1) * 2 + 1)
                       ^~~~~~~~~~~~~~~~~~~~~~~~~~~~~~~~~~~~~~~~~~~~~~~~~~~~~~~~~~
1 error generated.
configure:9139: $? = 1
configure: failed program was:
| /* confdefs.h.  */
| #define PACKAGE_NAME "opensn0w"
| #define PACKAGE_TARNAME "opensn0w"
| #define PACKAGE_VERSION "2.0.0"
| #define PACKAGE_STRING "opensn0w 2.0.0"
| #define PACKAGE_BUGREPORT "support@beige-box.com"
| #define STDC_HEADERS 1
| #define HAVE_SYS_TYPES_H 1
| #define HAVE_SYS_STAT_H 1
| #define HAVE_STDLIB_H 1
| #define HAVE_STRING_H 1
| #define HAVE_MEMORY_H 1
| #define HAVE_STRINGS_H 1
| #define HAVE_INTTYPES_H 1
| #define HAVE_STDINT_H 1
| #define HAVE_UNISTD_H 1
| #define __EXTENSIONS__ 1
| #define _ALL_SOURCE 1
| #define _GNU_SOURCE 1
| #define _POSIX_PTHREAD_SEMANTICS 1
| #define _TANDEM_SOURCE 1
| #define PACKAGE "opensn0w"
| #define VERSION "2.0.0"
| #define DARWIN 1
| #define HAVE_DLFCN_H 1
| #define HAVE_STRFTIME 1
| #define HAVE_STRDUP 1
| #define HAVE_INET_PTON 1
| #define HAVE_INET_NTOP 1
| #define HAVE_GETTIMEOFDAY 1
| #define HAVE_UMASK 1
| #define HAVE_MMAP 1
| #define HAVE_ARC4RANDOM 1
| #define HAVE_GETRLIMIT 1
| #define HAVE_FORK 1
| #define HAVE_GETPID 1
| #define HAVE_EXECVE 1
| #define HAVE_LIBZ 1
| #define HAVE_LIBDL 1
| #define HAVE_LIBPTHREAD 1
| #define HAVE_LIBUSB_1_0 1
| #define HAVE_LIBREADLINE 1
| #define HAVE_LIBCURL 1
| #define HAVE_LIBCRYPTO 1
| #define HAVE_LIBSSL 1
| #define HAVE__BOOL 1
| #define HAVE_STDBOOL_H 1
| /* end confdefs.h.  */
| #include <stdio.h>
| #ifdef HAVE_SYS_TYPES_H
| # include <sys/types.h>
| #endif
| #ifdef HAVE_SYS_STAT_H
| # include <sys/stat.h>
| #endif
| #ifdef STDC_HEADERS
| # include <stdlib.h>
| # include <stddef.h>
| #else
| # ifdef HAVE_STDLIB_H
| #  include <stdlib.h>
| # endif
| #endif
| #ifdef HAVE_STRING_H
| # if !defined STDC_HEADERS && defined HAVE_MEMORY_H
| #  include <memory.h>
| # endif
| # include <string.h>
| #endif
| #ifdef HAVE_STRINGS_H
| # include <strings.h>
| #endif
| #ifdef HAVE_INTTYPES_H
| # include <inttypes.h>
| #endif
| #ifdef HAVE_STDINT_H
| # include <stdint.h>
| #endif
| #ifdef HAVE_UNISTD_H
| # include <unistd.h>
| #endif
| int
| main ()
| {
| static int test_array [1 - 2 * !((int8_t) ((((int8_t) 1 << (8 - 2)) - 1) * 2 + 1)
| 		 < (int8_t) ((((int8_t) 1 << (8 - 2)) - 1) * 2 + 2))];
| test_array [0] = 0
| 
|   ;
|   return 0;
| }
configure:9168: result: yes
configure:9180: checking for mode_t
configure:9208: gcc -c -g -O2  conftest.c >&5
configure:9215: $? = 0
configure:9242: gcc -c -g -O2  conftest.c >&5
conftest.c:85:21: error: expected expression
if (sizeof ((mode_t)))
                    ^
1 error generated.
configure:9249: $? = 1
configure: failed program was:
| /* confdefs.h.  */
| #define PACKAGE_NAME "opensn0w"
| #define PACKAGE_TARNAME "opensn0w"
| #define PACKAGE_VERSION "2.0.0"
| #define PACKAGE_STRING "opensn0w 2.0.0"
| #define PACKAGE_BUGREPORT "support@beige-box.com"
| #define STDC_HEADERS 1
| #define HAVE_SYS_TYPES_H 1
| #define HAVE_SYS_STAT_H 1
| #define HAVE_STDLIB_H 1
| #define HAVE_STRING_H 1
| #define HAVE_MEMORY_H 1
| #define HAVE_STRINGS_H 1
| #define HAVE_INTTYPES_H 1
| #define HAVE_STDINT_H 1
| #define HAVE_UNISTD_H 1
| #define __EXTENSIONS__ 1
| #define _ALL_SOURCE 1
| #define _GNU_SOURCE 1
| #define _POSIX_PTHREAD_SEMANTICS 1
| #define _TANDEM_SOURCE 1
| #define PACKAGE "opensn0w"
| #define VERSION "2.0.0"
| #define DARWIN 1
| #define HAVE_DLFCN_H 1
| #define HAVE_STRFTIME 1
| #define HAVE_STRDUP 1
| #define HAVE_INET_PTON 1
| #define HAVE_INET_NTOP 1
| #define HAVE_GETTIMEOFDAY 1
| #define HAVE_UMASK 1
| #define HAVE_MMAP 1
| #define HAVE_ARC4RANDOM 1
| #define HAVE_GETRLIMIT 1
| #define HAVE_FORK 1
| #define HAVE_GETPID 1
| #define HAVE_EXECVE 1
| #define HAVE_LIBZ 1
| #define HAVE_LIBDL 1
| #define HAVE_LIBPTHREAD 1
| #define HAVE_LIBUSB_1_0 1
| #define HAVE_LIBREADLINE 1
| #define HAVE_LIBCURL 1
| #define HAVE_LIBCRYPTO 1
| #define HAVE_LIBSSL 1
| #define HAVE__BOOL 1
| #define HAVE_STDBOOL_H 1
| /* end confdefs.h.  */
| #include <stdio.h>
| #ifdef HAVE_SYS_TYPES_H
| # include <sys/types.h>
| #endif
| #ifdef HAVE_SYS_STAT_H
| # include <sys/stat.h>
| #endif
| #ifdef STDC_HEADERS
| # include <stdlib.h>
| # include <stddef.h>
| #else
| # ifdef HAVE_STDLIB_H
| #  include <stdlib.h>
| # endif
| #endif
| #ifdef HAVE_STRING_H
| # if !defined STDC_HEADERS && defined HAVE_MEMORY_H
| #  include <memory.h>
| # endif
| # include <string.h>
| #endif
| #ifdef HAVE_STRINGS_H
| # include <strings.h>
| #endif
| #ifdef HAVE_INTTYPES_H
| # include <inttypes.h>
| #endif
| #ifdef HAVE_STDINT_H
| # include <stdint.h>
| #endif
| #ifdef HAVE_UNISTD_H
| # include <unistd.h>
| #endif
| int
| main ()
| {
| if (sizeof ((mode_t)))
| 	  return 0;
|   ;
|   return 0;
| }
configure:9272: result: yes
configure:9284: checking for off_t
configure:9312: gcc -c -g -O2  conftest.c >&5
configure:9319: $? = 0
configure:9346: gcc -c -g -O2  conftest.c >&5
conftest.c:85:20: error: expected expression
if (sizeof ((off_t)))
                   ^
1 error generated.
configure:9353: $? = 1
configure: failed program was:
| /* confdefs.h.  */
| #define PACKAGE_NAME "opensn0w"
| #define PACKAGE_TARNAME "opensn0w"
| #define PACKAGE_VERSION "2.0.0"
| #define PACKAGE_STRING "opensn0w 2.0.0"
| #define PACKAGE_BUGREPORT "support@beige-box.com"
| #define STDC_HEADERS 1
| #define HAVE_SYS_TYPES_H 1
| #define HAVE_SYS_STAT_H 1
| #define HAVE_STDLIB_H 1
| #define HAVE_STRING_H 1
| #define HAVE_MEMORY_H 1
| #define HAVE_STRINGS_H 1
| #define HAVE_INTTYPES_H 1
| #define HAVE_STDINT_H 1
| #define HAVE_UNISTD_H 1
| #define __EXTENSIONS__ 1
| #define _ALL_SOURCE 1
| #define _GNU_SOURCE 1
| #define _POSIX_PTHREAD_SEMANTICS 1
| #define _TANDEM_SOURCE 1
| #define PACKAGE "opensn0w"
| #define VERSION "2.0.0"
| #define DARWIN 1
| #define HAVE_DLFCN_H 1
| #define HAVE_STRFTIME 1
| #define HAVE_STRDUP 1
| #define HAVE_INET_PTON 1
| #define HAVE_INET_NTOP 1
| #define HAVE_GETTIMEOFDAY 1
| #define HAVE_UMASK 1
| #define HAVE_MMAP 1
| #define HAVE_ARC4RANDOM 1
| #define HAVE_GETRLIMIT 1
| #define HAVE_FORK 1
| #define HAVE_GETPID 1
| #define HAVE_EXECVE 1
| #define HAVE_LIBZ 1
| #define HAVE_LIBDL 1
| #define HAVE_LIBPTHREAD 1
| #define HAVE_LIBUSB_1_0 1
| #define HAVE_LIBREADLINE 1
| #define HAVE_LIBCURL 1
| #define HAVE_LIBCRYPTO 1
| #define HAVE_LIBSSL 1
| #define HAVE__BOOL 1
| #define HAVE_STDBOOL_H 1
| /* end confdefs.h.  */
| #include <stdio.h>
| #ifdef HAVE_SYS_TYPES_H
| # include <sys/types.h>
| #endif
| #ifdef HAVE_SYS_STAT_H
| # include <sys/stat.h>
| #endif
| #ifdef STDC_HEADERS
| # include <stdlib.h>
| # include <stddef.h>
| #else
| # ifdef HAVE_STDLIB_H
| #  include <stdlib.h>
| # endif
| #endif
| #ifdef HAVE_STRING_H
| # if !defined STDC_HEADERS && defined HAVE_MEMORY_H
| #  include <memory.h>
| # endif
| # include <string.h>
| #endif
| #ifdef HAVE_STRINGS_H
| # include <strings.h>
| #endif
| #ifdef HAVE_INTTYPES_H
| # include <inttypes.h>
| #endif
| #ifdef HAVE_STDINT_H
| # include <stdint.h>
| #endif
| #ifdef HAVE_UNISTD_H
| # include <unistd.h>
| #endif
| int
| main ()
| {
| if (sizeof ((off_t)))
| 	  return 0;
|   ;
|   return 0;
| }
configure:9376: result: yes
configure:9388: checking for pid_t
configure:9416: gcc -c -g -O2  conftest.c >&5
configure:9423: $? = 0
configure:9450: gcc -c -g -O2  conftest.c >&5
conftest.c:85:20: error: expected expression
if (sizeof ((pid_t)))
                   ^
1 error generated.
configure:9457: $? = 1
configure: failed program was:
| /* confdefs.h.  */
| #define PACKAGE_NAME "opensn0w"
| #define PACKAGE_TARNAME "opensn0w"
| #define PACKAGE_VERSION "2.0.0"
| #define PACKAGE_STRING "opensn0w 2.0.0"
| #define PACKAGE_BUGREPORT "support@beige-box.com"
| #define STDC_HEADERS 1
| #define HAVE_SYS_TYPES_H 1
| #define HAVE_SYS_STAT_H 1
| #define HAVE_STDLIB_H 1
| #define HAVE_STRING_H 1
| #define HAVE_MEMORY_H 1
| #define HAVE_STRINGS_H 1
| #define HAVE_INTTYPES_H 1
| #define HAVE_STDINT_H 1
| #define HAVE_UNISTD_H 1
| #define __EXTENSIONS__ 1
| #define _ALL_SOURCE 1
| #define _GNU_SOURCE 1
| #define _POSIX_PTHREAD_SEMANTICS 1
| #define _TANDEM_SOURCE 1
| #define PACKAGE "opensn0w"
| #define VERSION "2.0.0"
| #define DARWIN 1
| #define HAVE_DLFCN_H 1
| #define HAVE_STRFTIME 1
| #define HAVE_STRDUP 1
| #define HAVE_INET_PTON 1
| #define HAVE_INET_NTOP 1
| #define HAVE_GETTIMEOFDAY 1
| #define HAVE_UMASK 1
| #define HAVE_MMAP 1
| #define HAVE_ARC4RANDOM 1
| #define HAVE_GETRLIMIT 1
| #define HAVE_FORK 1
| #define HAVE_GETPID 1
| #define HAVE_EXECVE 1
| #define HAVE_LIBZ 1
| #define HAVE_LIBDL 1
| #define HAVE_LIBPTHREAD 1
| #define HAVE_LIBUSB_1_0 1
| #define HAVE_LIBREADLINE 1
| #define HAVE_LIBCURL 1
| #define HAVE_LIBCRYPTO 1
| #define HAVE_LIBSSL 1
| #define HAVE__BOOL 1
| #define HAVE_STDBOOL_H 1
| /* end confdefs.h.  */
| #include <stdio.h>
| #ifdef HAVE_SYS_TYPES_H
| # include <sys/types.h>
| #endif
| #ifdef HAVE_SYS_STAT_H
| # include <sys/stat.h>
| #endif
| #ifdef STDC_HEADERS
| # include <stdlib.h>
| # include <stddef.h>
| #else
| # ifdef HAVE_STDLIB_H
| #  include <stdlib.h>
| # endif
| #endif
| #ifdef HAVE_STRING_H
| # if !defined STDC_HEADERS && defined HAVE_MEMORY_H
| #  include <memory.h>
| # endif
| # include <string.h>
| #endif
| #ifdef HAVE_STRINGS_H
| # include <strings.h>
| #endif
| #ifdef HAVE_INTTYPES_H
| # include <inttypes.h>
| #endif
| #ifdef HAVE_STDINT_H
| # include <stdint.h>
| #endif
| #ifdef HAVE_UNISTD_H
| # include <unistd.h>
| #endif
| int
| main ()
| {
| if (sizeof ((pid_t)))
| 	  return 0;
|   ;
|   return 0;
| }
configure:9480: result: yes
configure:9492: checking for size_t
configure:9520: gcc -c -g -O2  conftest.c >&5
configure:9527: $? = 0
configure:9554: gcc -c -g -O2  conftest.c >&5
conftest.c:85:21: error: expected expression
if (sizeof ((size_t)))
                    ^
1 error generated.
configure:9561: $? = 1
configure: failed program was:
| /* confdefs.h.  */
| #define PACKAGE_NAME "opensn0w"
| #define PACKAGE_TARNAME "opensn0w"
| #define PACKAGE_VERSION "2.0.0"
| #define PACKAGE_STRING "opensn0w 2.0.0"
| #define PACKAGE_BUGREPORT "support@beige-box.com"
| #define STDC_HEADERS 1
| #define HAVE_SYS_TYPES_H 1
| #define HAVE_SYS_STAT_H 1
| #define HAVE_STDLIB_H 1
| #define HAVE_STRING_H 1
| #define HAVE_MEMORY_H 1
| #define HAVE_STRINGS_H 1
| #define HAVE_INTTYPES_H 1
| #define HAVE_STDINT_H 1
| #define HAVE_UNISTD_H 1
| #define __EXTENSIONS__ 1
| #define _ALL_SOURCE 1
| #define _GNU_SOURCE 1
| #define _POSIX_PTHREAD_SEMANTICS 1
| #define _TANDEM_SOURCE 1
| #define PACKAGE "opensn0w"
| #define VERSION "2.0.0"
| #define DARWIN 1
| #define HAVE_DLFCN_H 1
| #define HAVE_STRFTIME 1
| #define HAVE_STRDUP 1
| #define HAVE_INET_PTON 1
| #define HAVE_INET_NTOP 1
| #define HAVE_GETTIMEOFDAY 1
| #define HAVE_UMASK 1
| #define HAVE_MMAP 1
| #define HAVE_ARC4RANDOM 1
| #define HAVE_GETRLIMIT 1
| #define HAVE_FORK 1
| #define HAVE_GETPID 1
| #define HAVE_EXECVE 1
| #define HAVE_LIBZ 1
| #define HAVE_LIBDL 1
| #define HAVE_LIBPTHREAD 1
| #define HAVE_LIBUSB_1_0 1
| #define HAVE_LIBREADLINE 1
| #define HAVE_LIBCURL 1
| #define HAVE_LIBCRYPTO 1
| #define HAVE_LIBSSL 1
| #define HAVE__BOOL 1
| #define HAVE_STDBOOL_H 1
| /* end confdefs.h.  */
| #include <stdio.h>
| #ifdef HAVE_SYS_TYPES_H
| # include <sys/types.h>
| #endif
| #ifdef HAVE_SYS_STAT_H
| # include <sys/stat.h>
| #endif
| #ifdef STDC_HEADERS
| # include <stdlib.h>
| # include <stddef.h>
| #else
| # ifdef HAVE_STDLIB_H
| #  include <stdlib.h>
| # endif
| #endif
| #ifdef HAVE_STRING_H
| # if !defined STDC_HEADERS && defined HAVE_MEMORY_H
| #  include <memory.h>
| # endif
| # include <string.h>
| #endif
| #ifdef HAVE_STRINGS_H
| # include <strings.h>
| #endif
| #ifdef HAVE_INTTYPES_H
| # include <inttypes.h>
| #endif
| #ifdef HAVE_STDINT_H
| # include <stdint.h>
| #endif
| #ifdef HAVE_UNISTD_H
| # include <unistd.h>
| #endif
| int
| main ()
| {
| if (sizeof ((size_t)))
| 	  return 0;
|   ;
|   return 0;
| }
configure:9584: result: yes
configure:9596: checking for ssize_t
configure:9624: gcc -c -g -O2  conftest.c >&5
configure:9631: $? = 0
configure:9658: gcc -c -g -O2  conftest.c >&5
conftest.c:85:22: error: expected expression
if (sizeof ((ssize_t)))
                     ^
1 error generated.
configure:9665: $? = 1
configure: failed program was:
| /* confdefs.h.  */
| #define PACKAGE_NAME "opensn0w"
| #define PACKAGE_TARNAME "opensn0w"
| #define PACKAGE_VERSION "2.0.0"
| #define PACKAGE_STRING "opensn0w 2.0.0"
| #define PACKAGE_BUGREPORT "support@beige-box.com"
| #define STDC_HEADERS 1
| #define HAVE_SYS_TYPES_H 1
| #define HAVE_SYS_STAT_H 1
| #define HAVE_STDLIB_H 1
| #define HAVE_STRING_H 1
| #define HAVE_MEMORY_H 1
| #define HAVE_STRINGS_H 1
| #define HAVE_INTTYPES_H 1
| #define HAVE_STDINT_H 1
| #define HAVE_UNISTD_H 1
| #define __EXTENSIONS__ 1
| #define _ALL_SOURCE 1
| #define _GNU_SOURCE 1
| #define _POSIX_PTHREAD_SEMANTICS 1
| #define _TANDEM_SOURCE 1
| #define PACKAGE "opensn0w"
| #define VERSION "2.0.0"
| #define DARWIN 1
| #define HAVE_DLFCN_H 1
| #define HAVE_STRFTIME 1
| #define HAVE_STRDUP 1
| #define HAVE_INET_PTON 1
| #define HAVE_INET_NTOP 1
| #define HAVE_GETTIMEOFDAY 1
| #define HAVE_UMASK 1
| #define HAVE_MMAP 1
| #define HAVE_ARC4RANDOM 1
| #define HAVE_GETRLIMIT 1
| #define HAVE_FORK 1
| #define HAVE_GETPID 1
| #define HAVE_EXECVE 1
| #define HAVE_LIBZ 1
| #define HAVE_LIBDL 1
| #define HAVE_LIBPTHREAD 1
| #define HAVE_LIBUSB_1_0 1
| #define HAVE_LIBREADLINE 1
| #define HAVE_LIBCURL 1
| #define HAVE_LIBCRYPTO 1
| #define HAVE_LIBSSL 1
| #define HAVE__BOOL 1
| #define HAVE_STDBOOL_H 1
| /* end confdefs.h.  */
| #include <stdio.h>
| #ifdef HAVE_SYS_TYPES_H
| # include <sys/types.h>
| #endif
| #ifdef HAVE_SYS_STAT_H
| # include <sys/stat.h>
| #endif
| #ifdef STDC_HEADERS
| # include <stdlib.h>
| # include <stddef.h>
| #else
| # ifdef HAVE_STDLIB_H
| #  include <stdlib.h>
| # endif
| #endif
| #ifdef HAVE_STRING_H
| # if !defined STDC_HEADERS && defined HAVE_MEMORY_H
| #  include <memory.h>
| # endif
| # include <string.h>
| #endif
| #ifdef HAVE_STRINGS_H
| # include <strings.h>
| #endif
| #ifdef HAVE_INTTYPES_H
| # include <inttypes.h>
| #endif
| #ifdef HAVE_STDINT_H
| # include <stdint.h>
| #endif
| #ifdef HAVE_UNISTD_H
| # include <unistd.h>
| #endif
| int
| main ()
| {
| if (sizeof ((ssize_t)))
| 	  return 0;
|   ;
|   return 0;
| }
configure:9688: result: yes
configure:9700: checking whether time.h and sys/time.h may both be included
configure:9730: gcc -c -g -O2  conftest.c >&5
configure:9737: $? = 0
configure:9752: result: yes
configure:9763: checking for uint16_t
configure:9794: gcc -c -g -O2  conftest.c >&5
configure:9801: $? = 0
configure:9822: result: yes
configure:9836: checking for uint32_t
configure:9867: gcc -c -g -O2  conftest.c >&5
configure:9874: $? = 0
configure:9895: result: yes
configure:9913: checking for uint64_t
configure:9944: gcc -c -g -O2  conftest.c >&5
configure:9951: $? = 0
configure:9972: result: yes
configure:9990: checking for uint8_t
configure:10021: gcc -c -g -O2  conftest.c >&5
configure:10028: $? = 0
configure:10049: result: yes
configure:10066: checking for working volatile
configure:10095: gcc -c -g -O2  conftest.c >&5
configure:10102: $? = 0
configure:10117: result: yes
configure:10127: checking for gcc option to accept ISO C99
configure:10286: gcc  -c -g -O2  conftest.c >&5
configure:10293: $? = 0
configure:10316: result: none needed
configure:10343: checking if you want to use absolute paths when building
configure:10367: result: #
configure:10374: checking if you want FHS-like pathnames
configure:10396: result: no
configure:10410: checking GCC flag(s) -std=gnu99
configure:10447: gcc -c -g -O2  -std=gnu99 -Werror  conftest.c >&5
configure:10454: $? = 0
configure:10473: result: ok
configure:10486: checking GCC flag(s) -Werror-implicit-function-declaration
configure:10523: gcc -c -g -O2 -std=gnu99  -Werror-implicit-function-declaration -Werror  conftest.c >&5
configure:10530: $? = 0
configure:10549: result: ok
configure:12446: checking if we should compile contrib modules
configure:12462: result: no
configure:12647: result: no
configure:12769: creating ./config.status

## ---------------------- ##
## Running config.status. ##
## ---------------------- ##

This file was extended by opensn0w config.status 2.0.0, which was
generated by GNU Autoconf 2.63.  Invocation command line was

  CONFIG_FILES    = 
  CONFIG_HEADERS  = 
  CONFIG_LINKS    = 
  CONFIG_COMMANDS = 
  $ ./config.status 

on MacBook-Pro.local

config.status:829: creating buildsys.mk
config.status:829: creating extra.mk
config.status:829: creating include/config.h
config.status:1045: include/config.h is unchanged

## ---------------- ##
## Cache variables. ##
## ---------------- ##

ac_cv_build=i686-apple-darwin14.0.0
ac_cv_c_bigendian=no
ac_cv_c_compiler_gnu=yes
ac_cv_c_const=yes
ac_cv_c_inline=inline
ac_cv_c_int16_t=yes
ac_cv_c_int32_t=yes
ac_cv_c_int8_t=yes
ac_cv_c_uint16_t=yes
ac_cv_c_uint32_t=yes
ac_cv_c_uint64_t=yes
ac_cv_c_uint8_t=yes
ac_cv_c_volatile=yes
ac_cv_env_CC_set=
ac_cv_env_CC_value=
ac_cv_env_CFLAGS_set=
ac_cv_env_CFLAGS_value=
ac_cv_env_CPPFLAGS_set=
ac_cv_env_CPPFLAGS_value=
ac_cv_env_CPP_set=
ac_cv_env_CPP_value=
ac_cv_env_LDFLAGS_set=
ac_cv_env_LDFLAGS_value=
ac_cv_env_LIBS_set=
ac_cv_env_LIBS_value=
ac_cv_env_build_alias_set=
ac_cv_env_build_alias_value=
ac_cv_env_host_alias_set=
ac_cv_env_host_alias_value=
ac_cv_env_target_alias_set=
ac_cv_env_target_alias_value=
ac_cv_func_arc4random=yes
ac_cv_func_execve=yes
ac_cv_func_fork=yes
ac_cv_func_gethostbyname=yes
ac_cv_func_getpid=yes
ac_cv_func_getrlimit=yes
ac_cv_func_gettimeofday=yes
ac_cv_func_inet_ntop=yes
ac_cv_func_inet_pton=yes
ac_cv_func_inflate=no
ac_cv_func_mmap=yes
ac_cv_func_socket=yes
ac_cv_func_strdup=yes
ac_cv_func_strftime=yes
ac_cv_func_umask=yes
ac_cv_header_dlfcn_h=yes
ac_cv_header_inttypes_h=yes
ac_cv_header_link_h=no
ac_cv_header_memory_h=yes
ac_cv_header_minix_config_h=no
ac_cv_header_stdbool_h=yes
ac_cv_header_stdc=yes
ac_cv_header_stdint_h=yes
ac_cv_header_stdlib_h=yes
ac_cv_header_string_h=yes
ac_cv_header_strings_h=yes
ac_cv_header_sys_stat_h=yes
ac_cv_header_sys_types_h=yes
ac_cv_header_time=yes
ac_cv_header_unistd_h=yes
ac_cv_host=i686-apple-darwin14.0.0
ac_cv_lib_crypto_SHA1_Init=yes
ac_cv_lib_curl_curl_free=yes
ac_cv_lib_curldll_curl_free=no
ac_cv_lib_dl_dlsym=yes
ac_cv_lib_elf_dlsym=no
ac_cv_lib_pthread_pthread_join=yes
ac_cv_lib_readline_readline=yes
ac_cv_lib_ssl_SHA1_Init=yes
ac_cv_lib_usb_1_0_libusb_init=yes
ac_cv_lib_z_inflate=yes
ac_cv_objext=o
ac_cv_path_AR=/usr/bin/ar
ac_cv_path_CP=/bin/cp
ac_cv_path_EGREP='/usr/bin/grep -E'
ac_cv_path_FIND=/usr/bin/find
ac_cv_path_GREP=/usr/bin/grep
ac_cv_path_LN=/bin/ln
ac_cv_path_MV=/bin/mv
ac_cv_path_RANLIB=/usr/bin/ranlib
ac_cv_path_RM=/bin/rm
ac_cv_path_TAR=/sw/bin/tar
ac_cv_path_TPUT=/sw/bin/tput
ac_cv_path_UNAME=/usr/bin/uname
ac_cv_path_XARGS=/usr/bin/xargs
ac_cv_path_install='/usr/bin/install -c'
ac_cv_prog_CPP='gcc -E'
ac_cv_prog_ac_ct_CC=gcc
ac_cv_prog_cc_c89=
ac_cv_prog_cc_c99=
ac_cv_prog_cc_g=yes
ac_cv_prog_make_make_set=yes
ac_cv_safe_to_define___extensions__=yes
ac_cv_search_strerror='none required'
ac_cv_sys_file_offset_bits=no
ac_cv_sys_largefile_CC=no
ac_cv_target=i686-apple-darwin14.0.0
ac_cv_type__Bool=yes
ac_cv_type_mode_t=yes
ac_cv_type_off_t=yes
ac_cv_type_pid_t=yes
ac_cv_type_size_t=yes
ac_cv_type_ssize_t=yes
ac_cv_type_uid_t=yes
atheme_cv_c_gcc_std_gnu99=yes
atheme_cv_c_gcc_w_error_implicit_function_declaration=yes

## ----------------- ##
## Output variables. ##
## ----------------- ##

ABSPATHS='#'
AR='/usr/bin/ar'
BUILDDIR='/Users/DaytonHasty/Github/opensn0w'
BUILDROOT='/Users/DaytonHasty/Github/opensn0w'
CC='gcc'
CFLAGS='-g -O2'
CLEAN_LIB=''
CONTRIB_ENABLE=''
CP='/bin/cp'
CPP='gcc -E'
CPPFLAGS='-g -O2  -std=gnu99 -Werror-implicit-function-declaration  -DPREFIX=\"${prefix}\" -DLOCALEDIR=\"${LOCALEDIR}\" -DMODDIR=\"${MODDIR}\" -DSHAREDIR=\"${prefix}\" -DSYSCONFDIR=\"${prefix}/etc\" -DLOGDIR=\"${prefix}/var\" -DRUNDIR=\"${prefix}/var\" -DDATADIR=\"${prefix}/etc\"'
DATADIR='${prefix}/etc'
DEFS='-DHAVE_CONFIG_H'
DOCDIR='${prefix}/doc'
ECHO_C='\c'
ECHO_N=''
ECHO_T=''
EGREP='/usr/bin/grep -E'
EXEEXT=''
FIND='/usr/bin/find'
GREP='/usr/bin/grep'
INSTALL_DATA='${INSTALL} -m 644'
INSTALL_LIB='${INSTALL} -m 755 $$i ${DESTDIR}${libdir}/$${i%.dylib}.${LIB_MAJOR}.${LIB_MINOR}.dylib && ${LN_S} -f $${i%.dylib}.${LIB_MAJOR}.${LIB_MINOR}.dylib ${DESTDIR}${libdir}/$${i%.dylib}.${LIB_MAJOR}.dylib && ${LN_S} -f $${i%.dylib}.${LIB_MAJOR}.${LIB_MINOR}.dylib ${DESTDIR}${libdir}/$$i'
INSTALL_PROGRAM='${INSTALL}'
INSTALL_SCRIPT='${INSTALL}'
LDFLAGS=''
LDFLAGS_RPATH='-Wl,-rpath,${libdir}'
LIBOBJS=''
LIBS='-lssl -lcrypto -lcurl -lreadline -lusb-1.0 -lpthread -ldl -lz  /Users/DaytonHasty/Github/opensn0w//prebuilt/libusb-1.0.a -framework IOKit -framework CoreFoundation '
LIB_CFLAGS='-fPIC'
LIB_CPPFLAGS='-DPIC'
LIB_LDFLAGS='-compatibility_version ${LIB_MAJOR}.${LIB_MINOR} -current_version ${LIB_MAJOR}.${LIB_MINOR} -install_name ${libdir}/${LIB} -dynamiclib -flat_namespace'
LIB_PREFIX='lib'
LIB_SUFFIX='.dylib'
LN='/bin/ln'
LN_S='ln -s'
LOGDIR='${prefix}/var'
LTLIBOBJS=''
MKDEP='gcc -MM'
MODDIR='${exec_prefix}'
MV='/bin/mv'
OBJEXT='o'
PACKAGE='opensn0w'
PACKAGE_BUGREPORT='support@beige-box.com'
PACKAGE_NAME='opensn0w'
PACKAGE_STRING='opensn0w 2.0.0'
PACKAGE_TARNAME='opensn0w'
PACKAGE_VERSION='2.0.0'
PATH_SEPARATOR=':'
PLUGIN_CFLAGS='-fPIC'
PLUGIN_CPPFLAGS='-DPIC'
PLUGIN_LDFLAGS='-bundle -flat_namespace -undefined suppress'
PLUGIN_SUFFIX='.impl'
PROG_IMPLIB_LDFLAGS=''
PROG_IMPLIB_NEEDED='no'
RANLIB='/usr/bin/ranlib'
RM='/bin/rm'
RPATH=''
RUNDIR='${prefix}/var'
SET_MAKE=''
SHAREDIR='${prefix}'
SHELL='/bin/sh'
SRCDIR='.'
STACKTRACE_LIBS=''
TAR='/sw/bin/tar'
TERM_BOLD='[1m'
TERM_EL='[K'
TERM_SETAF1='[31m'
TERM_SETAF2='[32m'
TERM_SETAF3='[33m'
TERM_SETAF4='[34m'
TERM_SETAF6='[36m'
TERM_SGR0='(B[m'
TPUT='/sw/bin/tput'
UNAME='/usr/bin/uname'
UNINSTALL_LIB='rm -f ${DESTDIR}${libdir}/$$i ${DESTDIR}${libdir}/$${i%.dylib}.${LIB_MAJOR}.dylib ${DESTDIR}${libdir}/$${i%.dylib}.${LIB_MAJOR}.${LIB_MINOR}.dylib'
VERSION='2.0.0'
XARGS='/usr/bin/xargs'
abs_srcroot='/Users/DaytonHasty/Github/opensn0w/'
ac_ct_CC='gcc'
bindir='${exec_prefix}/bin'
build='i686-apple-darwin14.0.0'
build_alias=''
build_cpu='i686'
build_os='darwin14.0.0'
build_vendor='apple'
datadir='${datarootdir}'
datarootdir='${prefix}/share'
docdir='${datarootdir}/doc/${PACKAGE_TARNAME}'
dvidir='${docdir}'
exec_prefix='${prefix}'
host='i686-apple-darwin14.0.0'
host_alias=''
host_cpu='i686'
host_os='darwin14.0.0'
host_vendor='apple'
htmldir='${docdir}'
includedir='${prefix}/include'
infodir='${datarootdir}/info'
libdir='${exec_prefix}/lib'
libexecdir='${exec_prefix}/libexec'
localedir='${datarootdir}/locale'
localstatedir='${prefix}/var'
mandir='${datarootdir}/man'
mkdir_p='mkdir -p'
oldincludedir='/usr/include'
pdfdir='${docdir}'
prefix='/Users/DaytonHasty/opensn0w'
program_transform_name='s,x,x,'
psdir='${docdir}'
sbindir='${exec_prefix}/sbin'
sharedstatedir='${prefix}/com'
srcroot=''
sysconfdir='${prefix}/etc'
target='i686-apple-darwin14.0.0'
target_alias=''
target_cpu='i686'
target_os='darwin14.0.0'
target_vendor='apple'

## ----------- ##
## confdefs.h. ##
## ----------- ##

#define PACKAGE_NAME "opensn0w"
#define PACKAGE_TARNAME "opensn0w"
#define PACKAGE_VERSION "2.0.0"
#define PACKAGE_STRING "opensn0w 2.0.0"
#define PACKAGE_BUGREPORT "support@beige-box.com"
#define STDC_HEADERS 1
#define HAVE_SYS_TYPES_H 1
#define HAVE_SYS_STAT_H 1
#define HAVE_STDLIB_H 1
#define HAVE_STRING_H 1
#define HAVE_MEMORY_H 1
#define HAVE_STRINGS_H 1
#define HAVE_INTTYPES_H 1
#define HAVE_STDINT_H 1
#define HAVE_UNISTD_H 1
#define __EXTENSIONS__ 1
#define _ALL_SOURCE 1
#define _GNU_SOURCE 1
#define _POSIX_PTHREAD_SEMANTICS 1
#define _TANDEM_SOURCE 1
#define PACKAGE "opensn0w"
#define VERSION "2.0.0"
#define DARWIN 1
#define HAVE_DLFCN_H 1
#define HAVE_STRFTIME 1
#define HAVE_STRDUP 1
#define HAVE_INET_PTON 1
#define HAVE_INET_NTOP 1
#define HAVE_GETTIMEOFDAY 1
#define HAVE_UMASK 1
#define HAVE_MMAP 1
#define HAVE_ARC4RANDOM 1
#define HAVE_GETRLIMIT 1
#define HAVE_FORK 1
#define HAVE_GETPID 1
#define HAVE_EXECVE 1
#define HAVE_LIBZ 1
#define HAVE_LIBDL 1
#define HAVE_LIBPTHREAD 1
#define HAVE_LIBUSB_1_0 1
#define HAVE_LIBREADLINE 1
#define HAVE_LIBCURL 1
#define HAVE_LIBCRYPTO 1
#define HAVE_LIBSSL 1
#define HAVE__BOOL 1
#define HAVE_STDBOOL_H 1
#define TIME_WITH_SYS_TIME 1

configure: exit 0
